[2023-04-23T15:32:27.095618+02:00] logger.CRITICAL: Trying to login for authorizer [] []
{"message":"Trying to login for admin using wksdhaKJDGQWKJ and password27e0737d8d01a8992883492b28f2ab09","context":{},"level":500,"level_name":"CRITICAL","channel":"logger","datetime":"2023-04-23T15:36:19.294767+02:00","extra":{}}
{"message":"Trying to login for admin using  and password ","context":{},"level":500,"level_name":"CRITICAL","channel":"logger","datetime":"2023-04-23T15:37:37.625125+02:00","extra":{}}
{"message":"Trying to login for admin using JSHADKJWHLKDJH and password Oepoiwasdhf.k1eweqdszdwfcehnjh nghjklhgftszDCQWW54S6RVSDCFVDG3243345636656","context":{},"level":500,"level_name":"CRITICAL","channel":"logger","datetime":"2023-04-23T15:37:48.726356+02:00","extra":{}}
{"message":"Trying to login for admin using admin and password admin","context":{},"level":500,"level_name":"CRITICAL","channel":"logger","datetime":"2023-04-23T15:39:52.966584+02:00","extra":{}}
{"message":"Trying to login for admin using awedasd and password ","context":{},"level":500,"level_name":"CRITICAL","channel":"logger","datetime":"2023-04-23T16:35:08.763203+02:00","extra":{}}
{"message":"Trying to login for admin using user and password user","context":{},"level":500,"level_name":"CRITICAL","channel":"logger","datetime":"2023-04-23T16:36:13.246378+02:00","extra":{}}
{"message":"Trying to login for admin using joffmendoza30 and password joffdoza30","context":{},"level":500,"level_name":"CRITICAL","channel":"logger","datetime":"2023-04-23T16:36:33.322200+02:00","extra":{}}
{"message":"Trying to login for admin using  and password ","context":{},"level":500,"level_name":"CRITICAL","channel":"logger","datetime":"2023-04-24T15:28:24.136239+02:00","extra":{}}
{"message":"Trying to login for admin using admin and password admin","context":{},"level":500,"level_name":"CRITICAL","channel":"logger","datetime":"2023-04-24T15:28:34.163480+02:00","extra":{}}
{"message":"Trying to login for admin using user and password user","context":{},"level":500,"level_name":"CRITICAL","channel":"logger","datetime":"2023-04-24T15:30:17.268642+02:00","extra":{}}
{"message":"Trying to login for admin using admin and password admin","context":{},"level":500,"level_name":"CRITICAL","channel":"logger","datetime":"2023-04-24T15:31:38.854713+02:00","extra":{}}
{"message":"Trying to login for admin using  and password ","context":{},"level":500,"level_name":"CRITICAL","channel":"logger","datetime":"2023-04-24T15:31:41.407219+02:00","extra":{}}
{"message":"Trying to login for admin using admin and password admin","context":{},"level":500,"level_name":"CRITICAL","channel":"logger","datetime":"2023-04-24T15:31:45.692821+02:00","extra":{}}
{"message":"Trying to login for admin using  and password ","context":{},"level":500,"level_name":"CRITICAL","channel":"logger","datetime":"2023-04-25T08:35:03.283053+02:00","extra":{}}
{"message":"Trying to login for admin using user and password user","context":{},"level":500,"level_name":"CRITICAL","channel":"logger","datetime":"2023-04-25T08:35:45.165295+02:00","extra":{}}
{"message":"Trying to login for admin using  and password ","context":{},"level":500,"level_name":"CRITICAL","channel":"logger","datetime":"2023-04-25T08:36:05.837684+02:00","extra":{}}
{"message":"Trying to login for admin using  and password ","context":{},"level":500,"level_name":"CRITICAL","channel":"logger","datetime":"2023-04-25T08:36:14.894971+02:00","extra":{}}
{"message":"Trying to login for admin using admin and password admin","context":{},"level":500,"level_name":"CRITICAL","channel":"logger","datetime":"2023-04-25T08:37:36.261776+02:00","extra":{}}
{"message":"Trying to login for admin using nah and password 12345678","context":{},"level":500,"level_name":"CRITICAL","channel":"logger","datetime":"2023-04-25T08:43:02.884316+02:00","extra":{}}
{"message":"Trying to login for admin using nah and password 12345678","context":{},"level":500,"level_name":"CRITICAL","channel":"logger","datetime":"2023-04-25T08:43:53.680130+02:00","extra":{}}
{"message":"Trying to login for admin using nah and password 12345678","context":{},"level":500,"level_name":"CRITICAL","channel":"logger","datetime":"2023-04-25T08:44:33.688183+02:00","extra":{}}
{"message":"Trying to login for admin using nah and password 12345678","context":{},"level":500,"level_name":"CRITICAL","channel":"logger","datetime":"2023-04-25T08:56:08.373951+02:00","extra":{}}
{"message":"Trying to login for admin using admin and password admin","context":{},"level":500,"level_name":"CRITICAL","channel":"logger","datetime":"2023-04-25T08:59:28.826653+02:00","extra":{}}
{"message":"Trying to login for admin using nah and password 12345678","context":{},"level":500,"level_name":"CRITICAL","channel":"logger","datetime":"2023-04-25T09:02:11.381312+02:00","extra":{}}
{"message":"Trying to login for admin using  and password ","context":{},"level":500,"level_name":"CRITICAL","channel":"logger","datetime":"2023-04-25T09:02:14.447913+02:00","extra":{}}
{"message":"Trying to login for admin using admin and password admin","context":{},"level":500,"level_name":"CRITICAL","channel":"logger","datetime":"2023-04-26T02:35:24.676864+02:00","extra":{}}
{"message":"Trying to login for admin using  and password ","context":{},"level":500,"level_name":"CRITICAL","channel":"logger","datetime":"2023-04-26T02:38:25.431452+02:00","extra":{}}
{"message":"Trying to login for admin using admin and password admin","context":{},"level":500,"level_name":"CRITICAL","channel":"logger","datetime":"2023-04-26T02:38:31.039038+02:00","extra":{}}
{"message":"Trying to login for admin using admin and password admin","context":{},"level":500,"level_name":"CRITICAL","channel":"logger","datetime":"2023-04-26T03:39:25.704261+02:00","extra":{}}
{"message":"Trying to login for admin using admin and password admin","context":{},"level":500,"level_name":"CRITICAL","channel":"logger","datetime":"2023-04-27T17:54:22.216250+02:00","extra":{}}
{"message":"Trying to login for admin using admin and password admin","context":{},"level":500,"level_name":"CRITICAL","channel":"logger","datetime":"2023-04-27T18:47:52.252943+02:00","extra":{}}
{"message":"Trying to login for admin using admin and password admin","context":{},"level":500,"level_name":"CRITICAL","channel":"logger","datetime":"2023-04-27T18:50:29.015089+02:00","extra":{}}
{"message":"Trying to login for admin using admin and password admin","context":{},"level":500,"level_name":"CRITICAL","channel":"logger","datetime":"2023-04-27T18:54:30.008814+02:00","extra":{}}
{"message":"Trying to login for admin using admin and password admin","context":{},"level":500,"level_name":"CRITICAL","channel":"logger","datetime":"2023-04-27T19:04:33.299914+02:00","extra":{}}
{"message":"Trying to login for admin using admin and password admin","context":{},"level":500,"level_name":"CRITICAL","channel":"logger","datetime":"2023-04-28T07:49:44.862132+02:00","extra":{}}
{"message":"Trying to login for admin using admin and password admin","context":{},"level":500,"level_name":"CRITICAL","channel":"logger","datetime":"2023-04-28T15:32:14.144554+02:00","extra":{}}
{"message":"Trying to login for admin using admin and password admin","context":{},"level":500,"level_name":"CRITICAL","channel":"logger","datetime":"2023-04-28T16:06:38.571192+02:00","extra":{}}
{"message":"Trying to login for admin using admin and password admin","context":{},"level":500,"level_name":"CRITICAL","channel":"logger","datetime":"2023-04-28T16:53:56.645713+02:00","extra":{}}
{"message":"Trying to login for admin using admin and password admin","context":{},"level":500,"level_name":"CRITICAL","channel":"logger","datetime":"2023-04-29T16:51:33.230689+02:00","extra":{}}
{"message":"Trying to login for admin using admin and password admin","context":{},"level":500,"level_name":"CRITICAL","channel":"logger","datetime":"2023-04-29T17:13:55.717735+02:00","extra":{}}
{"message":"Trying to login for admin using admin and password admin","context":{},"level":500,"level_name":"CRITICAL","channel":"logger","datetime":"2023-04-30T06:03:42.683953+02:00","extra":{}}
{"message":"Trying to login for admin using admin and password admin","context":{},"level":500,"level_name":"CRITICAL","channel":"logger","datetime":"2023-05-02T10:43:19.768681+02:00","extra":{}}
{"message":"Trying to login for admin using admin and password admin","context":{},"level":500,"level_name":"CRITICAL","channel":"logger","datetime":"2023-05-02T10:43:38.830765+02:00","extra":{}}
{"message":"Trying to login for admin using admin and password admin","context":{},"level":500,"level_name":"CRITICAL","channel":"logger","datetime":"2023-05-02T10:46:21.734854+02:00","extra":{}}
{"message":"Trying to login for admin using admin and password admin","context":{},"level":500,"level_name":"CRITICAL","channel":"logger","datetime":"2023-05-02T11:40:25.138455+02:00","extra":{}}
{"message":"Trying to login for admin using admin and password admin","context":{},"level":500,"level_name":"CRITICAL","channel":"logger","datetime":"2023-05-02T16:02:38.255440+02:00","extra":{}}
{"message":"Trying to login for admin using admin and password admin","context":{},"level":500,"level_name":"CRITICAL","channel":"logger","datetime":"2023-05-02T17:44:20.989054+02:00","extra":{}}
{"message":"Trying to login for admin using admin and password admin","context":{},"level":500,"level_name":"CRITICAL","channel":"logger","datetime":"2023-05-03T04:35:46.305171+02:00","extra":{}}
{"message":"Trying to login for admin using admin and password admin","context":{},"level":500,"level_name":"CRITICAL","channel":"logger","datetime":"2023-05-03T04:38:44.235594+02:00","extra":{}}
